2025-05-10 22:08:16,313 - INFO - Event: session_start - {'goals': ['Write UI for an app', 'Code on Vs Code']}
2025-05-10 22:08:16,316 - INFO - Session tracking started: Generic Session
2025-05-10 22:08:16,988 - INFO - Event: app_change - {'from': None, 'to': {'title': 'osascript', 'app': 'iTerm2'}, 'duration_previous': 0}
2025-05-10 22:08:20,387 - INFO - Event: app_change - {'from': {'title': 'osascript', 'app': 'iTerm2'}, 'to': {'title': '', 'app': 'iTerm2'}, 'duration_previous': 4.07}
2025-05-10 22:08:22,111 - INFO - Event: app_change - {'from': {'title': '', 'app': 'iTerm2'}, 'to': {'title': 'Python', 'app': 'iTerm2'}, 'duration_previous': 1.72}
2025-05-10 22:08:23,797 - INFO - Event: app_change - {'from': {'title': 'Python', 'app': 'iTerm2'}, 'to': {'title': 'osascript', 'app': 'iTerm2'}, 'duration_previous': 1.69}
2025-05-10 22:08:25,521 - INFO - Event: app_change - {'from': {'title': 'osascript', 'app': 'iTerm2'}, 'to': {'title': '', 'app': 'iTerm2'}, 'duration_previous': 1.72}
2025-05-10 22:08:27,314 - INFO - Event: app_change - {'from': {'title': '', 'app': 'iTerm2'}, 'to': {'title': 'Python', 'app': 'iTerm2'}, 'duration_previous': 1.79}
2025-05-10 22:08:29,015 - INFO - Event: app_change - {'from': {'title': 'Python', 'app': 'iTerm2'}, 'to': {'title': 'osascript', 'app': 'iTerm2'}, 'duration_previous': 1.7}
2025-05-10 22:08:30,731 - INFO - Event: app_change - {'from': {'title': 'osascript', 'app': 'iTerm2'}, 'to': {'title': '', 'app': 'iTerm2'}, 'duration_previous': 1.72}
2025-05-10 22:08:34,242 - INFO - Event: app_change - {'from': {'title': '', 'app': 'iTerm2'}, 'to': {'title': 'Python', 'app': 'iTerm2'}, 'duration_previous': 3.51}
2025-05-10 22:08:35,970 - INFO - Event: app_change - {'from': {'title': 'Python', 'app': 'iTerm2'}, 'to': {'title': 'osascript', 'app': 'iTerm2'}, 'duration_previous': 1.73}
2025-05-10 22:08:37,733 - INFO - Event: app_change - {'from': {'title': 'osascript', 'app': 'iTerm2'}, 'to': {'title': '', 'app': 'iTerm2'}, 'duration_previous': 1.76}
2025-05-10 22:08:41,294 - INFO - Event: app_change - {'from': {'title': '', 'app': 'iTerm2'}, 'to': {'title': 'Python', 'app': 'iTerm2'}, 'duration_previous': 3.56}
2025-05-10 22:08:43,015 - INFO - Event: app_change - {'from': {'title': 'Python', 'app': 'iTerm2'}, 'to': {'title': 'osascript', 'app': 'iTerm2'}, 'duration_previous': 1.72}
2025-05-10 22:08:44,514 - INFO - Event: user_input - {'type': 'mouse_click'}
2025-05-10 22:08:44,745 - INFO - Event: app_change - {'from': {'title': 'osascript', 'app': 'iTerm2'}, 'to': {'title': '', 'app': 'iTerm2'}, 'duration_previous': 1.73}
2025-05-10 22:08:46,546 - INFO - Event: app_change - {'from': {'title': '', 'app': 'iTerm2'}, 'to': {'title': 'requirements.txt — GDG-Hackaton_2025', 'app': 'Electron'}, 'duration_previous': 1.8}
2025-05-10 22:08:52,591 - INFO - Event: user_input - {'type': 'mouse_click'}
2025-05-10 22:08:53,508 - INFO - Event: app_change - {'from': {'title': 'requirements.txt — GDG-Hackaton_2025', 'app': 'Electron'}, 'to': {'title': 'gui.py — GDG-Hackaton_2025', 'app': 'Electron'}, 'duration_previous': 6.96}
2025-05-10 22:08:54,126 - INFO - Event: user_input - {'type': 'mouse_click'}
2025-05-10 22:08:59,829 - INFO - Event: user_input - {'type': 'mouse_click'}
2025-05-10 22:09:00,483 - INFO - Event: app_change - {'from': {'title': 'gui.py — GDG-Hackaton_2025', 'app': 'Electron'}, 'to': {'title': 'Untitled', 'app': 'Figma'}, 'duration_previous': 6.98}
2025-05-10 22:09:05,150 - INFO - Event: user_input - {'type': 'mouse_click'}
2025-05-10 22:09:06,656 - INFO - Event: user_input - {'type': 'mouse_click'}
2025-05-10 22:09:08,284 - INFO - Event: user_input - {'type': 'mouse_click'}
2025-05-10 22:09:09,577 - INFO - Event: user_input - {'type': 'mouse_click'}
2025-05-10 22:09:13,022 - INFO - Event: user_input - {'type': 'mouse_click'}
2025-05-10 22:09:16,251 - INFO - Event: user_input - {'type': 'mouse_click'}
2025-05-10 22:09:18,500 - INFO - Event: typed_for - {'duration_seconds': 6.14, 'total_typing_time': 6.14, 'window_context': {'title': 'Untitled', 'app': 'Figma'}, 'session_number': 1}
2025-05-10 22:09:27,646 - INFO - Event: typed_for - {'duration_seconds': 7.48, 'total_typing_time': 13.62, 'window_context': {'title': 'Untitled', 'app': 'Figma'}, 'session_number': 2}
2025-05-10 22:09:30,319 - INFO - Event: user_input - {'type': 'mouse_click'}
2025-05-10 22:09:31,411 - INFO - Event: app_change - {'from': {'title': 'Untitled', 'app': 'Figma'}, 'to': {'title': 'gui.py — GDG-Hackaton_2025', 'app': 'Electron'}, 'duration_previous': 30.93}
2025-05-10 22:09:44,137 - INFO - Event: user_input - {'type': 'mouse_click'}
2025-05-10 22:09:54,709 - INFO - Event: idle_start - {'after_seconds': 10.57}
2025-05-10 22:09:58,732 - INFO - Event: idle_end - {'duration_seconds': 4.02}
2025-05-10 22:10:01,563 - INFO - Event: typed_for - {'duration_seconds': 2.69, 'total_typing_time': 16.3, 'window_context': {'title': 'gui.py — GDG-Hackaton_2025', 'app': 'Electron'}, 'session_number': 3}
2025-05-10 22:10:05,602 - INFO - Event: user_input - {'type': 'mouse_click'}
2025-05-10 22:10:06,585 - INFO - Event: user_input - {'type': 'mouse_click'}
2025-05-10 22:10:14,028 - INFO - Event: user_input - {'type': 'mouse_click'}
2025-05-10 22:10:16,643 - INFO - Event: user_input - {'type': 'mouse_click'}
2025-05-10 22:10:17,367 - INFO - Event: app_change - {'from': {'title': 'gui.py — GDG-Hackaton_2025', 'app': 'Electron'}, 'to': {'title': 'GDG-Hackaton_2025', 'app': 'Finder'}, 'duration_previous': 45.96}
2025-05-10 22:10:19,866 - INFO - Event: user_input - {'type': 'mouse_click'}
2025-05-10 22:10:20,172 - INFO - Event: user_input - {'type': 'mouse_click'}
2025-05-10 22:10:20,948 - INFO - Event: app_change - {'from': {'title': 'GDG-Hackaton_2025', 'app': 'Finder'}, 'to': {'title': 'Download', 'app': 'Finder'}, 'duration_previous': 3.58}
2025-05-10 22:10:21,238 - INFO - Event: user_input - {'type': 'mouse_click'}
2025-05-10 22:10:23,219 - INFO - Event: user_input - {'type': 'mouse_click'}
2025-05-10 22:10:23,843 - INFO - Event: user_input - {'type': 'mouse_click'}
2025-05-10 22:10:26,293 - INFO - Event: app_change - {'from': {'title': 'Download', 'app': 'Finder'}, 'to': {'title': 'microphone.png — GDG-Hackaton_2025', 'app': 'Electron'}, 'duration_previous': 5.34}
2025-05-10 22:10:29,282 - INFO - Event: user_input - {'type': 'mouse_click'}
2025-05-10 22:10:29,741 - INFO - Event: app_change - {'from': {'title': 'microphone.png — GDG-Hackaton_2025', 'app': 'Electron'}, 'to': {'title': '', 'app': 'Electron'}, 'duration_previous': 3.45}
2025-05-10 22:10:31,513 - INFO - Event: app_change - {'from': {'title': '', 'app': 'Electron'}, 'to': {'title': 'gui.py — GDG-Hackaton_2025', 'app': 'Electron'}, 'duration_previous': 1.77}
2025-05-10 22:10:31,524 - INFO - Event: user_input - {'type': 'mouse_click'}
2025-05-10 22:10:31,953 - INFO - Event: user_input - {'type': 'mouse_click'}
2025-05-10 22:10:39,041 - INFO - Event: typed_for - {'duration_seconds': 28.89, 'total_typing_time': 45.19, 'window_context': {'title': 'gui.py — GDG-Hackaton_2025', 'app': 'Electron'}, 'session_number': 4}
2025-05-10 22:10:53,915 - INFO - Event: typed_for - {'duration_seconds': 12.45, 'total_typing_time': 57.64, 'window_context': {'title': 'gui.py — GDG-Hackaton_2025', 'app': 'Electron'}, 'session_number': 5}
2025-05-10 22:11:04,001 - INFO - Event: idle_start - {'after_seconds': 10.08}
2025-05-10 22:11:25,080 - INFO - Event: idle_end - {'duration_seconds': 21.08}
2025-05-10 22:11:29,064 - INFO - Event: user_input - {'type': 'mouse_click'}
2025-05-10 22:11:32,274 - INFO - Event: user_input - {'type': 'mouse_click'}
2025-05-10 22:12:24,722 - INFO - Event: user_input - {'type': 'mouse_click'}
2025-05-10 22:12:41,416 - INFO - Event: typed_for - {'duration_seconds': 14.82, 'total_typing_time': 72.46, 'window_context': {'title': 'gui.py — GDG-Hackaton_2025', 'app': 'Electron'}, 'session_number': 6}
2025-05-10 22:12:52,405 - INFO - Event: idle_start - {'after_seconds': 10.99}
2025-05-10 22:13:19,285 - INFO - Event: periodic_summary - {'period': 'last_5_minutes', 'event_distribution': {'session_start': 1, 'app_change': 23, 'user_input': 27, 'typed_for': 6, 'idle_start': 3, 'idle_end': 2}, 'top_applications': {'Electron': 65.11, 'Figma': 30.93, 'iTerm2': 30.23}, 'interaction_count': 4954, 'context_switches': 22, 'current_windows': [], 'typing_stats': {'total_typing_time': 72.46, 'typing_sessions_count': 6, 'typing_time_in_period': 72.47, 'avg_session_duration': 12.08}}
2025-05-10 22:13:20,515 - INFO - Event: idle_end - {'duration_seconds': 28.11}
2025-05-10 22:14:24,766 - INFO - Event: idle_start - {'after_seconds': 10.96}
2025-05-10 22:15:03,922 - INFO - Event: idle_end - {'duration_seconds': 39.16}
2025-05-10 22:15:04,724 - INFO - Event: user_input - {'type': 'mouse_click'}
2025-05-10 22:15:06,891 - INFO - Event: user_input - {'type': 'mouse_click'}
2025-05-10 22:15:55,132 - INFO - Event: idle_start - {'after_seconds': 10.91}
2025-05-10 22:15:59,152 - INFO - Event: idle_end - {'duration_seconds': 4.02}
2025-05-10 22:16:15,219 - INFO - Event: idle_start - {'after_seconds': 10.72}
2025-05-10 22:16:39,319 - INFO - Event: idle_end - {'duration_seconds': 24.1}
2025-05-10 22:17:19,637 - INFO - Event: user_input - {'type': 'mouse_click'}
2025-05-10 22:17:20,583 - INFO - Event: user_input - {'type': 'mouse_click'}
2025-05-10 22:17:21,640 - INFO - Event: user_input - {'type': 'mouse_click'}
2025-05-10 22:17:25,845 - INFO - Event: user_input - {'type': 'mouse_click'}
2025-05-10 22:17:28,645 - INFO - Event: user_input - {'type': 'mouse_click'}
2025-05-10 22:17:33,173 - INFO - Event: user_input - {'type': 'mouse_click'}
2025-05-10 22:17:37,219 - INFO - Event: user_input - {'type': 'mouse_click'}
2025-05-10 22:17:38,454 - INFO - Event: user_input - {'type': 'mouse_click'}
2025-05-10 22:17:40,037 - INFO - Event: user_input - {'type': 'mouse_click'}
2025-05-10 22:17:47,993 - INFO - Event: user_input - {'type': 'mouse_click'}
2025-05-10 22:17:49,187 - INFO - Event: user_input - {'type': 'mouse_click'}
2025-05-10 22:17:55,028 - INFO - Event: user_input - {'type': 'mouse_click'}
2025-05-10 22:17:55,627 - INFO - Event: user_input - {'type': 'mouse_click'}
2025-05-10 22:17:59,141 - INFO - Event: user_input - {'type': 'mouse_click'}
2025-05-10 22:18:00,650 - INFO - Event: user_input - {'type': 'mouse_click'}
2025-05-10 22:18:00,865 - INFO - Event: user_input - {'type': 'mouse_click'}
2025-05-10 22:18:01,369 - INFO - Event: user_input - {'type': 'mouse_click'}
2025-05-10 22:18:05,716 - INFO - Event: user_input - {'type': 'mouse_click'}
2025-05-10 22:18:06,786 - INFO - Event: user_input - {'type': 'mouse_click'}
2025-05-10 22:18:12,663 - INFO - Event: user_input - {'type': 'mouse_click'}
2025-05-10 22:18:17,153 - INFO - Event: user_input - {'type': 'mouse_click'}
2025-05-10 22:18:20,320 - INFO - Event: periodic_summary - {'period': 'last_5_minutes', 'event_distribution': {'session_start': 1, 'app_change': 23, 'user_input': 50, 'typed_for': 6, 'idle_start': 6, 'idle_end': 6, 'periodic_summary': 1}, 'top_applications': {'Electron': 65.11, 'Figma': 30.93, 'iTerm2': 30.23}, 'interaction_count': 9961, 'context_switches': 22, 'current_windows': [], 'typing_stats': {'total_typing_time': 72.46, 'typing_sessions_count': 6, 'typing_time_in_period': 72.47, 'avg_session_duration': 12.08}}
2025-05-10 22:18:22,627 - INFO - Event: user_input - {'type': 'mouse_click'}
2025-05-10 22:18:25,495 - INFO - Event: user_input - {'type': 'mouse_click'}
2025-05-10 22:18:26,273 - INFO - Event: user_input - {'type': 'mouse_click'}
2025-05-10 22:18:36,065 - INFO - Event: user_input - {'type': 'mouse_click'}
2025-05-10 22:18:56,254 - INFO - Event: user_input - {'type': 'mouse_click'}
2025-05-10 22:19:00,755 - INFO - Event: user_input - {'type': 'mouse_click'}
2025-05-10 22:19:04,770 - INFO - Event: typed_for - {'duration_seconds': 52.95, 'total_typing_time': 125.41, 'window_context': {'title': 'gui.py — GDG-Hackaton_2025', 'app': 'Electron'}, 'session_number': 7}
2025-05-10 22:19:38,044 - INFO - Event: user_input - {'type': 'mouse_click'}
2025-05-10 22:19:43,987 - INFO - Event: user_input - {'type': 'mouse_click'}
2025-05-10 22:19:46,008 - INFO - Event: user_input - {'type': 'mouse_click'}
2025-05-10 22:19:50,154 - INFO - Event: user_input - {'type': 'mouse_click'}
2025-05-10 22:19:59,500 - INFO - Event: typed_for - {'duration_seconds': 18.73, 'total_typing_time': 144.14, 'window_context': {'title': 'gui.py — GDG-Hackaton_2025', 'app': 'Electron'}, 'session_number': 8}
2025-05-10 22:20:10,139 - INFO - Event: idle_start - {'after_seconds': 10.64}
2025-05-10 22:20:44,279 - INFO - Event: idle_end - {'duration_seconds': 34.14}
2025-05-10 22:20:52,268 - INFO - Event: user_input - {'type': 'mouse_click'}
2025-05-10 22:21:02,824 - INFO - Event: user_input - {'type': 'mouse_click'}
2025-05-10 22:21:04,999 - INFO - Event: user_input - {'type': 'mouse_click'}
2025-05-10 22:21:06,386 - INFO - Event: user_input - {'type': 'mouse_click'}
2025-05-10 22:21:07,713 - INFO - Event: user_input - {'type': 'mouse_click'}
2025-05-10 22:21:09,278 - INFO - Event: user_input - {'type': 'mouse_click'}
2025-05-10 22:21:11,936 - INFO - Event: typed_for - {'duration_seconds': 17.48, 'total_typing_time': 161.62, 'window_context': {'title': 'gui.py — GDG-Hackaton_2025', 'app': 'Electron'}, 'session_number': 9}
2025-05-10 22:21:13,604 - INFO - Event: user_input - {'type': 'mouse_click'}
2025-05-10 22:21:16,916 - INFO - Event: user_input - {'type': 'mouse_click'}
2025-05-10 22:21:29,918 - INFO - Event: user_input - {'type': 'mouse_click'}
2025-05-10 22:21:31,040 - INFO - Event: user_input - {'type': 'mouse_click'}
2025-05-10 22:21:38,073 - INFO - Event: user_input - {'type': 'mouse_click'}
2025-05-10 22:21:40,895 - INFO - Event: user_input - {'type': 'mouse_click'}
2025-05-10 22:21:46,374 - INFO - Event: user_input - {'type': 'mouse_click'}
2025-05-10 22:21:47,230 - INFO - Event: user_input - {'type': 'mouse_click'}
2025-05-10 22:21:48,312 - INFO - Event: user_input - {'type': 'mouse_click'}
2025-05-10 22:21:52,698 - INFO - Event: user_input - {'type': 'mouse_click'}
2025-05-10 22:22:08,512 - INFO - Event: typed_for - {'duration_seconds': 34.75, 'total_typing_time': 196.37, 'window_context': {'title': 'gui.py — GDG-Hackaton_2025', 'app': 'Electron'}, 'session_number': 10}
2025-05-10 22:22:15,160 - INFO - Event: user_input - {'type': 'mouse_click'}
2025-05-10 22:22:18,761 - INFO - Event: user_input - {'type': 'mouse_click'}
2025-05-10 22:22:19,814 - INFO - Event: user_input - {'type': 'mouse_click'}
2025-05-10 22:22:21,089 - INFO - Event: app_change - {'from': {'title': 'gui.py — GDG-Hackaton_2025', 'app': 'Electron'}, 'to': {'title': 'GDG-Hackaton_2025', 'app': 'Finder'}, 'duration_previous': 709.58}
2025-05-10 22:22:21,490 - INFO - Event: user_input - {'type': 'mouse_click'}
2025-05-10 22:22:24,052 - INFO - Event: user_input - {'type': 'mouse_click'}
2025-05-10 22:22:26,590 - INFO - Event: app_change - {'from': {'title': 'GDG-Hackaton_2025', 'app': 'Finder'}, 'to': {'title': 'Info su session_20250510_220816.log', 'app': 'Finder'}, 'duration_previous': 5.5}
2025-05-10 22:22:31,247 - INFO - Event: user_input - {'type': 'mouse_click'}
2025-05-10 22:22:32,331 - INFO - Event: user_input - {'type': 'mouse_click'}
2025-05-10 22:22:33,792 - INFO - Event: user_input - {'type': 'mouse_click'}
2025-05-10 22:22:33,854 - INFO - Event: app_change - {'from': {'title': 'Info su session_20250510_220816.log', 'app': 'Finder'}, 'to': {'title': 'GDG-Hackaton_2025', 'app': 'Finder'}, 'duration_previous': 7.26}
2025-05-10 22:22:35,643 - INFO - Event: user_input - {'type': 'mouse_click'}
2025-05-10 22:22:35,659 - INFO - Event: app_change - {'from': {'title': 'GDG-Hackaton_2025', 'app': 'Finder'}, 'to': {'title': 'Download', 'app': 'Finder'}, 'duration_previous': 1.81}
2025-05-10 22:22:36,763 - INFO - Event: user_input - {'type': 'mouse_click'}
2025-05-10 22:22:37,468 - INFO - Event: app_change - {'from': {'title': 'Download', 'app': 'Finder'}, 'to': {'title': 'danielesidoli', 'app': 'Finder'}, 'duration_previous': 1.81}
2025-05-10 22:22:37,483 - INFO - Event: user_input - {'type': 'mouse_click'}
2025-05-10 22:22:38,613 - INFO - Event: user_input - {'type': 'mouse_click'}
2025-05-10 22:22:39,290 - INFO - Event: app_change - {'from': {'title': 'danielesidoli', 'app': 'Finder'}, 'to': {'title': '', 'app': 'Finder'}, 'duration_previous': 1.82}
2025-05-10 22:22:55,848 - INFO - Event: idle_start - {'after_seconds': 10.86}
2025-05-10 22:23:15,935 - INFO - Event: idle_end - {'duration_seconds': 20.09}
2025-05-10 22:23:16,776 - INFO - Event: user_input - {'type': 'mouse_click'}
2025-05-10 22:23:17,487 - INFO - Event: app_change - {'from': {'title': '', 'app': 'Finder'}, 'to': {'title': 'gui.py — GDG-Hackaton_2025', 'app': 'Electron'}, 'duration_previous': 38.2}
2025-05-10 22:23:17,630 - INFO - Event: user_input - {'type': 'mouse_click'}
2025-05-10 22:23:19,389 - INFO - Event: user_input - {'type': 'mouse_click'}
2025-05-10 22:23:20,960 - INFO - Event: periodic_summary - {'period': 'last_5_minutes', 'event_distribution': {'app_change': 8, 'user_input': 69, 'typed_for': 7, 'idle_start': 7, 'idle_end': 7, 'periodic_summary': 2}, 'top_applications': {'Electron': 774.69, 'Finder': 65.32, 'Figma': 30.93}, 'interaction_count': 16661, 'context_switches': 29, 'current_windows': [], 'typing_stats': {'total_typing_time': 196.37, 'typing_sessions_count': 10, 'typing_time_in_period': 180.07, 'avg_session_duration': 19.64}}
2025-05-10 22:23:30,089 - INFO - Event: user_input - {'type': 'mouse_click'}
2025-05-10 22:23:35,293 - INFO - Event: user_input - {'type': 'mouse_click'}
2025-05-10 22:23:37,587 - INFO - Event: user_input - {'type': 'mouse_click'}
2025-05-10 22:23:38,062 - INFO - Event: typed_for - {'duration_seconds': 6.81, 'total_typing_time': 203.18, 'window_context': {'title': 'gui.py — GDG-Hackaton_2025', 'app': 'Electron'}, 'session_number': 11}
2025-05-10 22:23:51,088 - INFO - Event: idle_start - {'after_seconds': 10.44}
2025-05-10 22:23:57,114 - INFO - Event: idle_end - {'duration_seconds': 6.03}
2025-05-10 22:24:10,168 - INFO - Event: idle_start - {'after_seconds': 10.45}
2025-05-10 22:24:12,177 - INFO - Event: idle_end - {'duration_seconds': 2.01}
2025-05-10 22:24:13,757 - INFO - Event: user_input - {'type': 'mouse_click'}
2025-05-10 22:24:14,492 - INFO - Event: user_input - {'type': 'mouse_click'}
2025-05-10 22:24:15,408 - INFO - Event: user_input - {'type': 'mouse_click'}
2025-05-10 22:24:16,161 - INFO - Event: user_input - {'type': 'mouse_click'}
2025-05-10 22:24:37,291 - INFO - Event: idle_start - {'after_seconds': 10.35}
2025-05-10 22:24:47,339 - INFO - Event: idle_end - {'duration_seconds': 10.05}
2025-05-10 22:24:58,386 - INFO - Event: idle_start - {'after_seconds': 10.7}
2025-05-10 22:25:27,515 - INFO - Event: idle_end - {'duration_seconds': 29.13}
2025-05-10 22:25:56,681 - INFO - Event: user_input - {'type': 'mouse_click'}
2025-05-10 22:25:57,850 - INFO - Event: user_input - {'type': 'mouse_click'}
2025-05-10 22:26:13,002 - INFO - Event: user_input - {'type': 'mouse_click'}
2025-05-10 22:26:13,750 - INFO - Event: user_input - {'type': 'mouse_click'}
2025-05-10 22:26:14,188 - INFO - Event: user_input - {'type': 'mouse_click'}
2025-05-10 22:26:15,159 - INFO - Event: user_input - {'type': 'mouse_click'}
2025-05-10 22:26:38,377 - INFO - Event: user_input - {'type': 'mouse_click'}
2025-05-10 22:26:49,551 - INFO - Event: user_input - {'type': 'mouse_click'}
2025-05-10 22:27:34,118 - INFO - Event: user_input - {'type': 'mouse_click'}
2025-05-10 22:27:48,463 - INFO - Event: typed_for - {'duration_seconds': 7.92, 'total_typing_time': 211.1, 'window_context': {'title': 'gui.py — GDG-Hackaton_2025', 'app': 'Electron'}, 'session_number': 12}
2025-05-10 22:28:00,439 - INFO - Event: typed_for - {'duration_seconds': 9.55, 'total_typing_time': 220.65, 'window_context': {'title': 'gui.py — GDG-Hackaton_2025', 'app': 'Electron'}, 'session_number': 13}
2025-05-10 22:28:11,189 - INFO - Event: idle_start - {'after_seconds': 10.75}
2025-05-10 22:28:22,074 - INFO - Event: periodic_summary - {'period': 'last_5_minutes', 'event_distribution': {'user_input': 71, 'periodic_summary': 2, 'typed_for': 7, 'idle_start': 7, 'idle_end': 6, 'app_change': 7}, 'top_applications': {'Electron': 774.69, 'Finder': 65.32, 'Figma': 30.93}, 'interaction_count': 19747, 'context_switches': 29, 'current_windows': [], 'typing_stats': {'total_typing_time': 220.65, 'typing_sessions_count': 13, 'typing_time_in_period': 148.19, 'avg_session_duration': 16.97}}
2025-05-10 22:28:25,247 - INFO - Event: idle_end - {'duration_seconds': 14.06}
2025-05-10 22:28:28,262 - INFO - Event: typed_for - {'duration_seconds': 2.88, 'total_typing_time': 223.53, 'window_context': {'title': 'gui.py — GDG-Hackaton_2025', 'app': 'Electron'}, 'session_number': 14}
2025-05-10 22:28:32,555 - INFO - Event: typed_for - {'duration_seconds': 3.03, 'total_typing_time': 226.57, 'window_context': {'title': 'gui.py — GDG-Hackaton_2025', 'app': 'Electron'}, 'session_number': 15}
2025-05-10 22:28:41,632 - INFO - Event: user_input - {'type': 'mouse_click'}
2025-05-10 22:28:42,213 - INFO - Event: user_input - {'type': 'mouse_click'}
2025-05-10 22:28:44,167 - INFO - Event: user_input - {'type': 'mouse_click'}
2025-05-10 22:28:50,013 - INFO - Event: user_input - {'type': 'mouse_click'}
2025-05-10 22:28:50,176 - INFO - Event: user_input - {'type': 'mouse_click'}
2025-05-10 22:28:52,537 - INFO - Event: user_input - {'type': 'mouse_click'}
2025-05-10 22:28:56,403 - INFO - Event: user_input - {'type': 'mouse_click'}
2025-05-10 22:28:57,339 - INFO - Event: user_input - {'type': 'mouse_click'}
2025-05-10 22:29:05,608 - INFO - Event: typed_for - {'duration_seconds': 13.57, 'total_typing_time': 240.14, 'window_context': {'title': 'gui.py — GDG-Hackaton_2025', 'app': 'Electron'}, 'session_number': 16}
2025-05-10 22:29:05,666 - INFO - Event: user_input - {'type': 'mouse_click'}
2025-05-10 22:29:07,274 - INFO - Event: user_input - {'type': 'mouse_click'}
2025-05-10 22:29:09,903 - INFO - Event: user_input - {'type': 'mouse_click'}
2025-05-10 22:29:11,254 - INFO - Event: user_input - {'type': 'mouse_click'}
2025-05-10 22:29:18,962 - INFO - Event: user_input - {'type': 'mouse_click'}
2025-05-10 22:29:25,449 - INFO - Event: typed_for - {'duration_seconds': 18.38, 'total_typing_time': 258.52, 'window_context': {'title': 'gui.py — GDG-Hackaton_2025', 'app': 'Electron'}, 'session_number': 17}
2025-05-10 22:29:42,555 - INFO - Event: idle_start - {'after_seconds': 10.54}
2025-05-10 22:29:43,562 - INFO - Event: idle_end - {'duration_seconds': 1.01}
2025-05-10 22:30:01,631 - INFO - Event: idle_start - {'after_seconds': 10.9}
2025-05-10 22:30:09,667 - INFO - Event: idle_end - {'duration_seconds': 8.04}
2025-05-10 22:30:20,714 - INFO - Event: idle_start - {'after_seconds': 10.36}
2025-05-10 22:30:23,627 - INFO - Event: user_input - {'type': 'mouse_click'}
2025-05-10 22:30:23,724 - INFO - Event: idle_end - {'duration_seconds': 3.01}
2025-05-10 22:30:30,489 - INFO - Event: user_input - {'type': 'mouse_click'}
2025-05-10 22:30:35,336 - INFO - Event: user_input - {'type': 'mouse_click'}
2025-05-10 22:30:39,106 - INFO - Event: user_input - {'type': 'mouse_click'}
2025-05-10 22:30:39,662 - INFO - Event: user_input - {'type': 'mouse_click'}
2025-05-10 22:30:41,440 - INFO - Event: user_input - {'type': 'mouse_click'}
2025-05-10 22:30:43,124 - INFO - Event: user_input - {'type': 'mouse_click'}
2025-05-10 22:30:43,912 - INFO - Event: user_input - {'type': 'mouse_click'}
2025-05-10 22:30:46,144 - INFO - Event: user_input - {'type': 'mouse_click'}
2025-05-10 22:30:50,192 - INFO - Event: typed_for - {'duration_seconds': 21.35, 'total_typing_time': 279.87, 'window_context': {'title': 'gui.py — GDG-Hackaton_2025', 'app': 'Electron'}, 'session_number': 18}
2025-05-10 22:31:00,872 - INFO - Event: idle_start - {'after_seconds': 10.68}
2025-05-10 22:31:09,910 - INFO - Event: idle_end - {'duration_seconds': 9.04}
2025-05-10 22:31:32,989 - INFO - Event: idle_start - {'after_seconds': 10.48}
2025-05-10 22:31:39,013 - INFO - Event: idle_end - {'duration_seconds': 6.02}
2025-05-10 22:32:01,880 - INFO - Event: user_input - {'type': 'mouse_click'}
2025-05-10 22:32:33,565 - INFO - Event: user_input - {'type': 'mouse_click'}
2025-05-10 22:32:33,727 - INFO - Event: user_input - {'type': 'mouse_click'}
2025-05-10 22:32:33,891 - INFO - Event: user_input - {'type': 'mouse_click'}
2025-05-10 22:32:35,052 - INFO - Event: user_input - {'type': 'mouse_click'}
2025-05-10 22:32:42,229 - INFO - Event: user_input - {'type': 'mouse_click'}
2025-05-10 22:32:49,088 - INFO - Event: user_input - {'type': 'mouse_click'}
2025-05-10 22:32:50,991 - INFO - Event: user_input - {'type': 'mouse_click'}
2025-05-10 22:32:56,455 - INFO - Event: typed_for - {'duration_seconds': 17.9, 'total_typing_time': 297.76, 'window_context': {'title': 'Unknown', 'app': 'Unknown'}, 'session_number': 19}
2025-05-10 22:33:06,204 - INFO - Event: user_input - {'type': 'mouse_click'}
2025-05-10 22:33:07,589 - INFO - Event: user_input - {'type': 'mouse_click'}
2025-05-10 22:33:14,807 - INFO - Event: user_input - {'type': 'mouse_click'}
2025-05-10 22:33:14,951 - INFO - Event: user_input - {'type': 'mouse_click'}
2025-05-10 22:33:19,306 - INFO - Event: user_input - {'type': 'mouse_click'}
2025-05-10 22:33:19,468 - INFO - Event: user_input - {'type': 'mouse_click'}
2025-05-10 22:33:23,150 - INFO - Event: periodic_summary - {'period': 'last_5_minutes', 'event_distribution': {'user_input': 62, 'app_change': 5, 'idle_start': 11, 'idle_end': 11, 'periodic_summary': 2, 'typed_for': 9}, 'top_applications': {'Electron': 774.69, 'Finder': 65.32, 'Figma': 30.93}, 'interaction_count': 26268, 'context_switches': 29, 'current_windows': [], 'typing_stats': {'total_typing_time': 297.76, 'typing_sessions_count': 19, 'typing_time_in_period': 101.39, 'avg_session_duration': 15.67}}
2025-05-10 22:33:23,492 - INFO - Event: user_input - {'type': 'mouse_click'}
2025-05-10 22:33:26,042 - INFO - Event: typed_for - {'duration_seconds': 8.9, 'total_typing_time': 306.66, 'window_context': {'title': 'gui.py — GDG-Hackaton_2025', 'app': 'Electron'}, 'session_number': 20}
2025-05-10 22:33:28,206 - INFO - Event: user_input - {'type': 'mouse_click'}
2025-05-10 22:33:29,748 - INFO - Event: user_input - {'type': 'mouse_click'}
2025-05-10 22:33:31,631 - INFO - Event: user_input - {'type': 'mouse_click'}
2025-05-10 22:33:59,791 - INFO - Event: user_input - {'type': 'mouse_click'}
2025-05-10 22:34:10,603 - INFO - Event: idle_start - {'after_seconds': 10.81}
2025-05-10 22:35:14,859 - INFO - Event: idle_end - {'duration_seconds': 64.26}
2025-05-10 22:35:15,502 - INFO - Event: user_input - {'type': 'mouse_click'}
2025-05-10 22:35:18,980 - INFO - Event: user_input - {'type': 'mouse_click'}
2025-05-10 22:35:20,512 - INFO - Event: user_input - {'type': 'mouse_click'}
2025-05-10 22:35:20,715 - INFO - Event: user_input - {'type': 'mouse_click'}
2025-05-10 22:35:20,922 - INFO - Event: user_input - {'type': 'mouse_click'}
2025-05-10 22:35:21,098 - INFO - Event: user_input - {'type': 'mouse_click'}
2025-05-10 22:35:26,975 - INFO - Event: user_input - {'type': 'mouse_click'}
2025-05-10 22:35:44,988 - INFO - Event: idle_start - {'after_seconds': 10.29}
2025-05-10 22:35:49,872 - INFO - Event: user_input - {'type': 'mouse_click'}
2025-05-10 22:35:50,012 - INFO - Event: idle_end - {'duration_seconds': 5.02}
2025-05-10 22:35:53,727 - INFO - Event: user_input - {'type': 'mouse_click'}
2025-05-10 22:36:14,704 - INFO - Event: typed_for - {'duration_seconds': 17.55, 'total_typing_time': 324.21, 'window_context': {'title': 'gui.py — GDG-Hackaton_2025', 'app': 'Electron'}, 'session_number': 21}
2025-05-10 22:36:25,158 - INFO - Event: idle_start - {'after_seconds': 10.45}
2025-05-10 22:38:24,259 - INFO - Event: periodic_summary - {'period': 'last_5_minutes', 'event_distribution': {'idle_start': 13, 'idle_end': 12, 'user_input': 63, 'typed_for': 10, 'periodic_summary': 2}, 'top_applications': {'Electron': 774.69, 'Finder': 65.32, 'Figma': 30.93}, 'interaction_count': 28106, 'context_switches': 29, 'current_windows': [], 'typing_stats': {'total_typing_time': 324.21, 'typing_sessions_count': 21, 'typing_time_in_period': 121.03, 'avg_session_duration': 15.44}}
2025-05-10 22:38:56,757 - INFO - Event: idle_end - {'duration_seconds': 151.6}
2025-05-10 22:38:59,236 - INFO - Event: typed_for - {'duration_seconds': 2.07, 'total_typing_time': 326.28, 'window_context': {'title': 'gui.py — GDG-Hackaton_2025', 'app': 'Electron'}, 'session_number': 22}
2025-05-10 22:39:03,604 - INFO - Event: typed_for - {'duration_seconds': 1.84, 'total_typing_time': 328.12, 'window_context': {'title': 'gui.py — GDG-Hackaton_2025', 'app': 'Electron'}, 'session_number': 23}
2025-05-10 22:39:13,823 - INFO - Event: idle_start - {'after_seconds': 10.22}
2025-05-10 22:43:25,281 - INFO - Event: periodic_summary - {'period': 'last_5_minutes', 'event_distribution': {'user_input': 62, 'idle_start': 12, 'idle_end': 11, 'typed_for': 12, 'periodic_summary': 3}, 'top_applications': {'Electron': 774.69, 'Finder': 65.32, 'Figma': 30.93}, 'interaction_count': 28108, 'context_switches': 29, 'current_windows': [], 'typing_stats': {'total_typing_time': 328.12, 'typing_sessions_count': 23, 'typing_time_in_period': 124.94, 'avg_session_duration': 14.27}}
2025-05-10 22:44:08,763 - INFO - Event: app_change - {'from': {'title': 'gui.py — GDG-Hackaton_2025', 'app': 'Electron'}, 'to': {'title': '', 'app': 'Electron'}, 'duration_previous': 1251.28}
2025-05-10 22:44:09,068 - INFO - Event: idle_end - {'duration_seconds': 295.24}
2025-05-10 22:44:19,136 - INFO - Event: idle_start - {'after_seconds': 10.37}
2025-05-10 22:45:18,860 - INFO - Event: user_input - {'type': 'mouse_click'}
2025-05-10 22:45:19,684 - INFO - Event: idle_end - {'duration_seconds': 60.54}
2025-05-10 22:45:20,888 - INFO - Event: app_change - {'from': {'title': '', 'app': 'Electron'}, 'to': {'title': 'gui.py — GDG-Hackaton_2025', 'app': 'Electron'}, 'duration_previous': 72.13}
2025-05-10 22:46:04,907 - INFO - Event: idle_start - {'after_seconds': 10.22}
2025-05-10 22:48:26,299 - INFO - Event: periodic_summary - {'period': 'last_5_minutes', 'event_distribution': {'user_input': 59, 'typed_for': 12, 'idle_start': 12, 'periodic_summary': 4, 'idle_end': 11, 'app_change': 2}, 'top_applications': {'Electron': 2098.09, 'Finder': 65.32, 'Figma': 30.93}, 'interaction_count': 28796, 'context_switches': 31, 'current_windows': [], 'typing_stats': {'total_typing_time': 328.12, 'typing_sessions_count': 23, 'typing_time_in_period': 124.94, 'avg_session_duration': 14.27}}
2025-05-10 22:49:39,869 - INFO - Event: idle_end - {'duration_seconds': 214.96}
2025-05-10 22:50:10,302 - INFO - Event: user_input - {'type': 'mouse_click'}
2025-05-10 22:50:19,822 - INFO - Event: user_input - {'type': 'mouse_click'}
2025-05-10 22:50:23,677 - INFO - Event: user_input - {'type': 'mouse_click'}
2025-05-10 22:50:26,082 - INFO - Event: user_input - {'type': 'mouse_click'}
2025-05-10 22:50:27,390 - INFO - Event: user_input - {'type': 'mouse_click'}
2025-05-10 22:50:29,046 - INFO - Event: user_input - {'type': 'mouse_click'}
2025-05-10 22:50:32,808 - INFO - Event: user_input - {'type': 'mouse_click'}
2025-05-10 22:50:34,629 - INFO - Event: user_input - {'type': 'mouse_click'}
2025-05-10 22:50:46,328 - INFO - Event: typed_for - {'duration_seconds': 9.7, 'total_typing_time': 337.81, 'window_context': {'title': 'gui.py — GDG-Hackaton_2025', 'app': 'Electron'}, 'session_number': 24}
2025-05-10 22:51:02,999 - INFO - Event: typed_for - {'duration_seconds': 7.1, 'total_typing_time': 344.92, 'window_context': {'title': 'gui.py — GDG-Hackaton_2025', 'app': 'Electron'}, 'session_number': 25}
2025-05-10 22:51:10,106 - INFO - Event: typed_for - {'duration_seconds': 5.94, 'total_typing_time': 350.86, 'window_context': {'title': 'gui.py — GDG-Hackaton_2025', 'app': 'Electron'}, 'session_number': 26}
2025-05-10 22:51:20,780 - INFO - Event: typed_for - {'duration_seconds': 6.91, 'total_typing_time': 357.77, 'window_context': {'title': 'gui.py — GDG-Hackaton_2025', 'app': 'Electron'}, 'session_number': 27}
2025-05-10 22:51:31,330 - INFO - Event: idle_start - {'after_seconds': 10.55}
2025-05-10 22:51:35,351 - INFO - Event: idle_end - {'duration_seconds': 4.02}
2025-05-10 22:51:45,393 - INFO - Event: idle_start - {'after_seconds': 10.46}
2025-05-10 22:51:57,444 - INFO - Event: idle_end - {'duration_seconds': 12.05}
2025-05-10 22:52:12,502 - INFO - Event: idle_start - {'after_seconds': 10.88}
2025-05-10 22:52:22,547 - INFO - Event: idle_end - {'duration_seconds': 10.04}
2025-05-10 22:52:24,468 - INFO - Event: user_input - {'type': 'mouse_click'}
2025-05-10 22:52:30,060 - INFO - Event: typed_for - {'duration_seconds': 4.08, 'total_typing_time': 361.84, 'window_context': {'title': 'gui.py — GDG-Hackaton_2025', 'app': 'Electron'}, 'session_number': 28}
2025-05-10 22:52:40,945 - INFO - Event: typed_for - {'duration_seconds': 9.83, 'total_typing_time': 371.67, 'window_context': {'title': 'gui.py — GDG-Hackaton_2025', 'app': 'Electron'}, 'session_number': 29}
2025-05-10 22:52:46,659 - INFO - Event: typed_for - {'duration_seconds': 1.99, 'total_typing_time': 373.67, 'window_context': {'title': 'gui.py — GDG-Hackaton_2025', 'app': 'Electron'}, 'session_number': 30}
2025-05-10 22:53:17,102 - INFO - Event: user_input - {'type': 'mouse_click'}
2025-05-10 22:53:22,006 - INFO - Event: user_input - {'type': 'mouse_click'}
2025-05-10 22:53:24,420 - INFO - Event: user_input - {'type': 'mouse_click'}
2025-05-10 22:53:25,027 - INFO - Event: user_input - {'type': 'mouse_click'}
2025-05-10 22:53:27,306 - INFO - Event: periodic_summary - {'period': 'last_5_minutes', 'event_distribution': {'user_input': 52, 'typed_for': 14, 'idle_start': 14, 'idle_end': 14, 'periodic_summary': 4, 'app_change': 2}, 'top_applications': {'Electron': 2098.09, 'Finder': 65.32, 'Figma': 30.93}, 'interaction_count': 32067, 'context_switches': 31, 'current_windows': [], 'typing_stats': {'total_typing_time': 373.67, 'typing_sessions_count': 30, 'typing_time_in_period': 133.54, 'avg_session_duration': 12.46}}
2025-05-10 22:53:30,442 - INFO - Event: user_input - {'type': 'mouse_click'}
2025-05-10 22:53:39,360 - INFO - Event: user_input - {'type': 'mouse_click'}
2025-05-10 22:53:43,510 - INFO - Event: user_input - {'type': 'mouse_click'}
2025-05-10 22:53:47,490 - INFO - Event: user_input - {'type': 'mouse_click'}
2025-05-10 22:53:49,920 - INFO - Event: app_change - {'from': {'title': 'gui.py — GDG-Hackaton_2025', 'app': 'Electron'}, 'to': {'title': 'Tkinter study session timer implementation — GDG-Hackaton_2025', 'app': 'Electron'}, 'duration_previous': 509.03}
2025-05-10 22:53:56,135 - INFO - Event: user_input - {'type': 'mouse_click'}
2025-05-10 22:54:04,514 - INFO - Event: user_input - {'type': 'mouse_click'}
2025-05-10 22:54:05,293 - INFO - Event: app_change - {'from': {'title': 'Tkinter study session timer implementation — GDG-Hackaton_2025', 'app': 'Electron'}, 'to': {'title': 'gui.py — GDG-Hackaton_2025', 'app': 'Electron'}, 'duration_previous': 15.37}
2025-05-10 22:54:16,049 - INFO - Event: user_input - {'type': 'mouse_click'}
2025-05-10 22:54:25,492 - INFO - Event: user_input - {'type': 'mouse_click'}
2025-05-10 22:54:30,666 - INFO - Event: typed_for - {'duration_seconds': 28.77, 'total_typing_time': 402.44, 'window_context': {'title': 'gui.py — GDG-Hackaton_2025', 'app': 'Electron'}, 'session_number': 31}
2025-05-10 22:54:39,648 - INFO - Event: user_input - {'type': 'mouse_click'}
2025-05-10 22:54:43,744 - INFO - Event: user_input - {'type': 'mouse_click'}
2025-05-10 22:54:58,664 - INFO - Event: user_input - {'type': 'mouse_click'}
2025-05-10 22:55:00,068 - INFO - Event: user_input - {'type': 'mouse_click'}
2025-05-10 22:55:02,098 - INFO - Event: app_change - {'from': {'title': 'gui.py — GDG-Hackaton_2025', 'app': 'Electron'}, 'to': {'title': 'Tkinter study session timer implementation — GDG-Hackaton_2025', 'app': 'Electron'}, 'duration_previous': 56.81}
2025-05-10 22:55:06,154 - INFO - Event: user_input - {'type': 'mouse_click'}
2025-05-10 22:55:09,073 - INFO - Event: user_input - {'type': 'mouse_click'}
2025-05-10 22:55:09,847 - INFO - Event: user_input - {'type': 'mouse_click'}
2025-05-10 22:55:10,736 - INFO - Event: app_change - {'from': {'title': 'Tkinter study session timer implementation — GDG-Hackaton_2025', 'app': 'Electron'}, 'to': {'title': 'gui.py — GDG-Hackaton_2025', 'app': 'Electron'}, 'duration_previous': 8.64}
2025-05-10 22:55:16,442 - INFO - Event: user_input - {'type': 'mouse_click'}
2025-05-10 22:55:17,589 - INFO - Event: app_change - {'from': {'title': 'gui.py — GDG-Hackaton_2025', 'app': 'Electron'}, 'to': {'title': 'Tkinter study session timer implementation — GDG-Hackaton_2025', 'app': 'Electron'}, 'duration_previous': 6.85}
2025-05-10 22:55:22,234 - INFO - Event: user_input - {'type': 'mouse_click'}
2025-05-10 22:55:25,172 - INFO - Event: user_input - {'type': 'mouse_click'}
2025-05-10 22:55:29,569 - INFO - Event: typed_for - {'duration_seconds': 38.92, 'total_typing_time': 441.36, 'window_context': {'title': 'Tkinter study session timer implementation — GDG-Hackaton_2025', 'app': 'Electron'}, 'session_number': 32}
2025-05-10 22:55:29,706 - INFO - Event: user_input - {'type': 'mouse_click'}
2025-05-10 22:55:34,407 - INFO - Event: user_input - {'type': 'mouse_click'}
2025-05-10 22:55:34,923 - INFO - Event: app_change - {'from': {'title': 'Tkinter study session timer implementation — GDG-Hackaton_2025', 'app': 'Electron'}, 'to': {'title': 'gui.py — GDG-Hackaton_2025', 'app': 'Electron'}, 'duration_previous': 17.33}
2025-05-10 22:55:35,817 - INFO - Event: user_input - {'type': 'mouse_click'}
2025-05-10 22:55:36,665 - INFO - Event: app_change - {'from': {'title': 'gui.py — GDG-Hackaton_2025', 'app': 'Electron'}, 'to': {'title': 'Tkinter study session timer implementation — GDG-Hackaton_2025', 'app': 'Electron'}, 'duration_previous': 1.74}
2025-05-10 22:55:36,889 - INFO - Event: user_input - {'type': 'mouse_click'}
2025-05-10 22:55:39,071 - INFO - Event: user_input - {'type': 'mouse_click'}
2025-05-10 22:55:40,538 - INFO - Event: user_input - {'type': 'mouse_click'}
2025-05-10 22:56:11,153 - INFO - Event: user_input - {'type': 'mouse_click'}
2025-05-10 22:56:13,444 - INFO - Event: user_input - {'type': 'mouse_click'}
2025-05-10 22:56:13,608 - INFO - Event: user_input - {'type': 'mouse_click'}
2025-05-10 22:56:13,760 - INFO - Event: user_input - {'type': 'mouse_click'}
2025-05-10 22:56:13,968 - INFO - Event: user_input - {'type': 'mouse_click'}
2025-05-10 22:56:19,886 - INFO - Event: user_input - {'type': 'mouse_click'}
2025-05-10 22:56:20,863 - INFO - Event: user_input - {'type': 'mouse_click'}
2025-05-10 22:56:21,082 - INFO - Event: app_change - {'from': {'title': 'Tkinter study session timer implementation — GDG-Hackaton_2025', 'app': 'Electron'}, 'to': {'title': 'gui.py — GDG-Hackaton_2025', 'app': 'Electron'}, 'duration_previous': 44.42}
2025-05-10 22:56:22,543 - INFO - Event: user_input - {'type': 'mouse_click'}
2025-05-10 22:56:25,268 - INFO - Event: typed_for - {'duration_seconds': 6.3, 'total_typing_time': 447.66, 'window_context': {'title': 'gui.py — GDG-Hackaton_2025', 'app': 'Electron'}, 'session_number': 33}
2025-05-10 22:56:27,944 - INFO - Event: app_change - {'from': {'title': 'gui.py — GDG-Hackaton_2025', 'app': 'Electron'}, 'to': {'title': 'g.py — GDG-Hackaton_2025', 'app': 'Electron'}, 'duration_previous': 6.86}
2025-05-10 22:56:29,310 - INFO - Event: user_input - {'type': 'mouse_click'}
2025-05-10 22:56:41,412 - INFO - Event: user_input - {'type': 'mouse_click'}
2025-05-10 22:56:44,933 - INFO - Event: user_input - {'type': 'mouse_click'}
2025-05-10 22:56:45,492 - INFO - Event: user_input - {'type': 'mouse_click'}
2025-05-10 22:56:45,965 - INFO - Event: user_input - {'type': 'mouse_click'}
2025-05-10 22:56:54,871 - INFO - Event: user_input - {'type': 'mouse_click'}
2025-05-10 22:56:56,123 - INFO - Event: app_change - {'from': {'title': 'g.py — GDG-Hackaton_2025', 'app': 'Electron'}, 'to': {'title': 'gui.py — GDG-Hackaton_2025', 'app': 'Electron'}, 'duration_previous': 28.18}
2025-05-10 22:56:59,456 - INFO - Event: user_input - {'type': 'mouse_click'}
2025-05-10 22:56:59,953 - INFO - Event: user_input - {'type': 'mouse_click'}
2025-05-10 22:57:01,156 - INFO - Event: app_change - {'from': {'title': 'gui.py — GDG-Hackaton_2025', 'app': 'Electron'}, 'to': {'title': 'g.py — GDG-Hackaton_2025', 'app': 'Electron'}, 'duration_previous': 5.03}
2025-05-10 22:57:06,361 - INFO - Event: user_input - {'type': 'mouse_click'}
2025-05-10 22:57:07,975 - INFO - Event: app_change - {'from': {'title': 'g.py — GDG-Hackaton_2025', 'app': 'Electron'}, 'to': {'title': 'Tkinter study session timer implementation — GDG-Hackaton_2025', 'app': 'Electron'}, 'duration_previous': 6.82}
2025-05-10 22:57:15,795 - INFO - Event: user_input - {'type': 'mouse_click'}
2025-05-10 22:57:16,666 - INFO - Event: app_change - {'from': {'title': 'Tkinter study session timer implementation — GDG-Hackaton_2025', 'app': 'Electron'}, 'to': {'title': 'g.py — GDG-Hackaton_2025', 'app': 'Electron'}, 'duration_previous': 8.69}
2025-05-10 22:57:19,657 - INFO - Event: user_input - {'type': 'mouse_click'}
2025-05-10 22:57:20,165 - INFO - Event: app_change - {'from': {'title': 'g.py — GDG-Hackaton_2025', 'app': 'Electron'}, 'to': {'title': 'gui.py — GDG-Hackaton_2025', 'app': 'Electron'}, 'duration_previous': 3.5}
2025-05-10 22:57:21,753 - INFO - Event: user_input - {'type': 'mouse_click'}
2025-05-10 22:57:32,534 - INFO - Event: typed_for - {'duration_seconds': 66.2, 'total_typing_time': 513.87, 'window_context': {'title': 'gui.py — GDG-Hackaton_2025', 'app': 'Electron'}, 'session_number': 34}
2025-05-10 22:57:40,323 - INFO - Event: user_input - {'type': 'mouse_click'}
2025-05-10 22:57:46,488 - INFO - Event: user_input - {'type': 'mouse_click'}
2025-05-10 22:58:04,407 - INFO - Event: app_change - {'from': {'title': 'gui.py — GDG-Hackaton_2025', 'app': 'Electron'}, 'to': {'title': '', 'app': 'Electron'}, 'duration_previous': 44.24}
2025-05-10 22:58:08,040 - INFO - Event: app_change - {'from': {'title': '', 'app': 'Electron'}, 'to': {'title': 'gui.py — GDG-Hackaton_2025', 'app': 'Electron'}, 'duration_previous': 3.63}
2025-05-10 22:58:12,719 - INFO - Event: user_input - {'type': 'mouse_click'}
2025-05-10 22:58:14,315 - INFO - Event: user_input - {'type': 'mouse_click'}
2025-05-10 22:58:15,013 - INFO - Event: app_change - {'from': {'title': 'gui.py — GDG-Hackaton_2025', 'app': 'Electron'}, 'to': {'title': 'Python', 'app': 'iTerm2'}, 'duration_previous': 6.97}
2025-05-10 22:58:17,443 - INFO - Event: user_input - {'type': 'mouse_click'}
2025-05-10 22:58:19,371 - INFO - Event: typed_for - {'duration_seconds': 3.07, 'total_typing_time': 516.94, 'window_context': {'title': 'osascript', 'app': 'iTerm2'}, 'session_number': 35}
2025-05-10 22:58:19,371 - INFO - Event: session_end - {'duration': '0:50:03.058782', 'total_typing_time': 516.94, 'typing_sessions_count': 35, 'typing_percentage': 17.21}
2025-05-10 22:58:19,372 - INFO - Session tracking stopped: Generic Session - Total typing time: 516.94s across 35 sessions
