2025-05-11 02:12:35,780 - INFO - Event: session_start - {'goals': ['Write UI for an app', 'Code on Vs Code']}
2025-05-11 02:12:35,780 - INFO - Starting focus analysis...
2025-05-11 02:12:35,785 - INFO - Session tracking started: Generic Session
2025-05-11 02:12:36,593 - INFO - Event: app_change - {'from': None, 'to': {'title': 'GDG-Hackaton_2025 — activity_tracker.py', 'app': 'Electron'}, 'duration_previous': 0}
2025-05-11 02:12:37,921 - INFO - Event: focus_analysis - {'focus_score': 0.8, 'explanation': "The user has just started a new session with the stated goals of writing UI and coding. While there's no direct indication of distraction in the activity logs, the session is very new. Therefore a high focus score is given, but not a perfect one as it is too early to determine true focus. Further actions would be necessary to increase the focus score.", 'recommendations': ['Continue monitoring activity. The log needs more data to provide accurate analysis.', "Track the user's actions within VS Code (e.g., file edits, code compiles, etc.).", 'If applicable, monitor UI design tool usage.'], 'timestamp': '2025-05-11T02:12:35.780405'}
2025-05-11 02:12:37,922 - INFO - Focus analysis completed. Score: 0.8
2025-05-11 02:12:54,341 - INFO - Event: typed_for - {'duration_seconds': 17.49, 'total_typing_time': 17.49, 'window_context': {'title': 'GDG-Hackaton_2025 — activity_tracker.py', 'app': 'Electron'}, 'session_number': 1}
2025-05-11 02:13:14,511 - INFO - Event: typed_for - {'duration_seconds': 19.32, 'total_typing_time': 36.82, 'window_context': {'title': 'GDG-Hackaton_2025 — activity_tracker.py', 'app': 'Electron'}, 'session_number': 2}
2025-05-11 02:13:25,354 - INFO - Event: idle_start - {'after_seconds': 10.84}
2025-05-11 02:13:30,372 - INFO - Event: idle_end - {'duration_seconds': 5.02}
2025-05-11 02:13:30,771 - INFO - Event: user_input - {'type': 'mouse_click'}
2025-05-11 02:13:32,303 - INFO - Event: user_input - {'type': 'mouse_click'}
2025-05-11 02:13:37,924 - INFO - Starting focus analysis...
2025-05-11 02:13:40,042 - INFO - Event: focus_analysis - {'focus_score': 0.75, 'explanation': 'The user is showing signs of focus, primarily typing in VS Code (Electron app). The session began with the stated goal of coding. There is evidence of active coding activity and a short period of inactivity. Although the user took a break for approximately 10 seconds, it would be premature to reduce the score to a large extent given the relatively short time window covered. Further data would be needed to see whether focus is maintained.', 'recommendations': ['Continue monitoring typing activity, including the files being edited.', 'Monitor app changes to detect any possible distractions or shifts in focus.', 'Analyze the code being written (if possible) to assess progress on the stated goals.', "Track the user's actions within VS Code (e.g., file edits, code compiles, etc.)."], 'timestamp': '2025-05-11T02:13:37.924895'}
2025-05-11 02:13:40,042 - INFO - Focus analysis completed. Score: 0.75
2025-05-11 02:13:50,906 - INFO - Event: idle_start - {'after_seconds': 10.86}
2025-05-11 02:14:40,045 - INFO - Starting focus analysis...
2025-05-11 02:14:41,823 - INFO - Event: focus_analysis - {'focus_score': 0.7, 'explanation': "The user's focus appears to be maintained, primarily on VS Code. The user engaged in typing activity, which aligns with their goal of coding. While there were brief periods of inactivity (idle states and short breaks), and the session is new, the consistent coding suggests good focus. Therefore, we can give a slightly lower score to take into account short breaks. ", 'recommendations': ['Continue monitoring typing activity, including the files being edited to evaluate progress.', 'Monitor app changes to detect any possible distractions or shifts in focus.', 'Analyze the code being written (if possible) to assess progress on the stated goals.', 'Monitor for signs of frustration, like rapid typing corrections or long pauses, to identify potential blocks.'], 'timestamp': '2025-05-11T02:14:40.047038'}
2025-05-11 02:14:41,823 - INFO - Focus analysis completed. Score: 0.7
2025-05-11 02:14:42,193 - INFO - Event: idle_end - {'duration_seconds': 51.29}
2025-05-11 02:14:52,219 - INFO - Event: idle_start - {'after_seconds': 10.4}
2025-05-11 02:15:41,828 - INFO - Starting focus analysis...
2025-05-11 02:15:44,086 - INFO - Event: focus_analysis - {'focus_score': 0.65, 'explanation': "The user's focus fluctuates but is generally maintained on coding in VS Code.  There's consistent typing activity, which aligns with the goal. However, there are instances of short periods of inactivity (idle states) and breaks in typing, indicating potential distractions or periods of reduced engagement.  The longer idle period (51.29 seconds) warrants a further slight reduction in the focus score.", 'recommendations': ['Continue monitoring typing activity, including the files being edited to evaluate progress and the nature of the code being written.', 'Monitor app changes to detect any possible distractions or shifts in focus.', 'Analyze the code being written (if possible) to assess progress on the stated goals and identify possible blocks.', "Track the user's actions within VS Code (e.g., file edits, code compiles, etc.) to gain a more detailed view.", 'Investigate the cause of the longer idle period to understand if it was due to a break or a potential distraction.'], 'timestamp': '2025-05-11T02:15:41.830262'}
2025-05-11 02:15:44,086 - INFO - Focus analysis completed. Score: 0.65
2025-05-11 02:15:44,173 - INFO - Event: idle_end - {'duration_seconds': 51.95}
2025-05-11 02:15:54,217 - INFO - Event: idle_start - {'after_seconds': 10.13}
2025-05-11 02:16:44,087 - INFO - Starting focus analysis...
2025-05-11 02:16:45,935 - INFO - Event: focus_analysis - {'focus_score': 0.65, 'explanation': "The user's focus fluctuates but is generally maintained on coding in VS Code. There's consistent typing activity, which aligns with the goal. However, there are instances of short periods of inactivity (idle states) and breaks in typing, indicating potential distractions or periods of reduced engagement. The longer idle period (51.29 seconds) warrants a further slight reduction in the focus score.", 'recommendations': ['Continue monitoring typing activity, including the files being edited to evaluate progress and the nature of the code being written.', 'Monitor app changes to detect any possible distractions or shifts in focus.', 'Analyze the code being written (if possible) to assess progress on the stated goals and identify possible blocks.', "Track the user's actions within VS Code (e.g., file edits, code compiles, etc.) to gain a more detailed view.", 'Investigate the cause of the longer idle period to understand if it was due to a break or a potential distraction.'], 'timestamp': '2025-05-11T02:16:44.088379'}
2025-05-11 02:16:45,935 - INFO - Focus analysis completed. Score: 0.65
2025-05-11 02:16:46,227 - INFO - Event: idle_end - {'duration_seconds': 52.01}
2025-05-11 02:16:56,273 - INFO - Event: idle_start - {'after_seconds': 10.34}
2025-05-11 02:17:36,107 - INFO - Event: periodic_summary - {'period': 'last_5_minutes', 'event_distribution': {'session_start': 1, 'app_change': 1, 'focus_analysis': 5, 'typed_for': 2, 'idle_start': 5, 'idle_end': 4, 'user_input': 2}, 'top_applications': {}, 'interaction_count': 365, 'context_switches': 0, 'current_windows': [], 'typing_stats': {'total_typing_time': 36.82, 'typing_sessions_count': 2, 'typing_time_in_period': 36.81, 'avg_session_duration': 18.41}}
2025-05-11 02:17:45,937 - INFO - Starting focus analysis...
2025-05-11 02:17:48,415 - INFO - Event: focus_analysis - {'focus_score': 0.65, 'explanation': "The user's focus is currently fluctuating, primarily centered on coding within VS Code (Electron). The activity aligns with the stated goal of coding. The user has demonstrated consistent typing but has also taken several short breaks (idle periods). These interruptions suggest a degree of reduced engagement. Further, the longer idle periods, averaging around 51-52 seconds, suggest potential distractions or periods of reduced engagement. Considering the combination of productive coding and the intermittent breaks, a score of 0.65 reflects a generally maintained but not entirely uninterrupted focus.", 'recommendations': ['Continue monitoring typing activity, including the specific files being edited, to evaluate progress on the coding tasks.', 'Monitor app changes to identify possible distractions or shifts in focus, and any window switches.', 'Analyze the code being written (if possible) to assess progress toward the goals and identify potential blocks.', 'Investigate the causes of the longer idle periods to understand if they were related to breaks, external distractions, or focused thinking.', 'Track actions within VS Code, such as file edits, code compiles, etc., to gain a more detailed view of the workflow.'], 'timestamp': '2025-05-11T02:17:45.937584'}
2025-05-11 02:17:48,416 - INFO - Focus analysis completed. Score: 0.65
2025-05-11 02:17:48,470 - INFO - Event: idle_end - {'duration_seconds': 52.2}
2025-05-11 02:17:58,664 - INFO - Event: idle_start - {'after_seconds': 10.25}
2025-05-11 02:18:48,416 - INFO - Starting focus analysis...
2025-05-11 02:18:50,556 - INFO - Event: focus_analysis - {'focus_score': 0.65, 'explanation': "The user's focus fluctuates but is generally maintained on coding in VS Code, which aligns with their goals. They demonstrate consistent typing activity, but there are frequent short breaks (idle periods) and longer idle periods (around 51-52 seconds), indicating potential distractions or periods of reduced engagement.  The focus score has remained consistent over multiple analysis periods.", 'recommendations': ['Continue monitoring typing activity, including the specific files being edited, to evaluate progress on the coding tasks.', 'Monitor app changes to identify possible distractions or shifts in focus, and any window switches.', 'Analyze the code being written (if possible) to assess progress toward the goals and identify potential blocks.', 'Investigate the causes of the longer idle periods to understand if they were related to breaks, external distractions, or focused thinking.', 'Track actions within VS Code, such as file edits, code compiles, etc., to gain a more detailed view of the workflow.'], 'timestamp': '2025-05-11T02:18:48.417525'}
2025-05-11 02:18:50,556 - INFO - Focus analysis completed. Score: 0.65
2025-05-11 02:18:51,175 - INFO - Event: idle_end - {'duration_seconds': 52.51}
2025-05-11 02:19:01,252 - INFO - Event: idle_start - {'after_seconds': 10.7}
2025-05-11 02:19:50,599 - INFO - Starting focus analysis...
2025-05-11 02:19:52,761 - INFO - Event: focus_analysis - {'focus_score': 0.65, 'explanation': "The user is generally focused on coding in VS Code, which aligns with their goals. There's consistent typing, indicating active coding. However, the frequent and consistent periods of inactivity (idle states) suggest potential distractions or breaks, leading to a slightly reduced focus.", 'recommendations': ['Continue monitoring typing activity, including the specific files being edited, to evaluate progress on the coding tasks.', 'Monitor app changes and window switches to identify possible distractions or shifts in focus.', 'Analyze the code being written (if possible) to assess progress toward the goals and identify potential blocks.', 'Investigate the causes of the longer idle periods to understand if they were related to breaks, external distractions, or focused thinking.', 'Track actions within VS Code, such as file edits, code compiles, etc., to gain a more detailed view of the workflow.'], 'timestamp': '2025-05-11T02:19:50.601941'}
2025-05-11 02:19:52,762 - INFO - Focus analysis completed. Score: 0.65
2025-05-11 02:19:53,764 - INFO - Event: idle_end - {'duration_seconds': 52.51}
2025-05-11 02:20:02,837 - INFO - Event: idle_start - {'after_seconds': 10.08}
2025-05-11 02:20:52,772 - INFO - Starting focus analysis...
2025-05-11 02:20:54,457 - INFO - Event: focus_analysis - {'focus_score': 0.65, 'explanation': 'The user is generally focused on coding in VS Code, which aligns with their goals. Consistent typing activity indicates engagement, but frequent, long idle periods (around 52 seconds) suggest potential distractions or breaks that detract from focus. The focus score consistently remains at 0.65 over the analysis periods.', 'recommendations': ['Continue monitoring typing activity, including the specific files being edited, to evaluate progress on the coding tasks.', 'Monitor app changes and window switches to identify possible distractions or shifts in focus.', 'Analyze the code being written (if possible) to assess progress toward the goals and identify potential blocks.', 'Investigate the causes of the longer idle periods to understand if they were related to breaks, external distractions, or focused thinking.', 'Track actions within VS Code, such as file edits, code compiles, etc., to gain a more detailed view of the workflow.'], 'timestamp': '2025-05-11T02:20:52.773593'}
2025-05-11 02:20:54,457 - INFO - Focus analysis completed. Score: 0.65
2025-05-11 02:20:54,618 - INFO - Event: idle_end - {'duration_seconds': 51.78}
2025-05-11 02:21:04,692 - INFO - Event: idle_start - {'after_seconds': 10.24}
2025-05-11 02:21:53,020 - INFO - Event: idle_end - {'duration_seconds': 48.33}
2025-05-11 02:21:54,176 - INFO - Event: user_input - {'type': 'mouse_click'}
2025-05-11 02:21:54,466 - INFO - Starting focus analysis...
2025-05-11 02:21:55,351 - INFO - Event: session_end - {'duration': '0:09:19.571254', 'total_typing_time': 36.82, 'typing_sessions_count': 2, 'typing_percentage': 6.58}
2025-05-11 02:21:55,351 - INFO - Session tracking stopped: Generic Session - Total typing time: 36.82s across 2 sessions
