2025-05-11 02:07:02,293 - INFO - Event: session_start - {'goals': ['Write UI for an app', 'Code on Vs Code']}
2025-05-11 02:07:02,293 - INFO - Starting focus analysis...
2025-05-11 02:07:02,293 - ERROR - Error in focus analysis: name 'timedelta' is not defined
2025-05-11 02:07:02,297 - INFO - Session tracking started: Generic Session
2025-05-11 02:07:02,959 - INFO - Event: app_change - {'from': None, 'to': {'title': 'GDG-Hackaton_2025 — activity_tracker.py', 'app': 'Electron'}, 'duration_previous': 0}
2025-05-11 02:07:13,336 - INFO - Event: idle_start - {'after_seconds': 10.38}
2025-05-11 02:08:00,522 - INFO - Event: idle_end - {'duration_seconds': 47.19}
2025-05-11 02:08:01,725 - INFO - Event: user_input - {'type': 'mouse_click'}
2025-05-11 02:08:02,295 - INFO - Starting focus analysis...
2025-05-11 02:08:02,296 - ERROR - Error in focus analysis: name 'timedelta' is not defined
2025-05-11 02:08:02,471 - INFO - Event: app_change - {'from': {'title': 'GDG-Hackaton_2025 — activity_tracker.py', 'app': 'Electron'}, 'to': {'title': '', 'app': 'Electron'}, 'duration_previous': 60.18}
2025-05-11 02:08:04,093 - INFO - Event: app_change - {'from': {'title': '', 'app': 'Electron'}, 'to': {'title': 'GDG-Hackaton_2025 — session_20250511_020702.log', 'app': 'Electron'}, 'duration_previous': 1.62}
2025-05-11 02:08:17,257 - INFO - Event: user_input - {'type': 'mouse_click'}
2025-05-11 02:08:17,824 - INFO - Event: user_input - {'type': 'mouse_click'}
2025-05-11 02:08:18,818 - INFO - Event: app_change - {'from': {'title': 'GDG-Hackaton_2025 — session_20250511_020702.log', 'app': 'Electron'}, 'to': {'title': 'GDG-Hackaton_2025 — session_20250511_014911.log', 'app': 'Electron'}, 'duration_previous': 14.73}
2025-05-11 02:08:19,675 - INFO - Event: user_input - {'type': 'mouse_click'}
2025-05-11 02:08:20,710 - INFO - Event: app_change - {'from': {'title': 'GDG-Hackaton_2025 — session_20250511_014911.log', 'app': 'Electron'}, 'to': {'title': 'GDG-Hackaton_2025 — activity_tracker.py', 'app': 'Electron'}, 'duration_previous': 1.89}
2025-05-11 02:08:29,517 - INFO - Event: user_input - {'type': 'mouse_click'}
2025-05-11 02:08:29,707 - INFO - Event: user_input - {'type': 'mouse_click'}
2025-05-11 02:08:35,957 - INFO - Event: user_input - {'type': 'mouse_click'}
2025-05-11 02:08:36,673 - INFO - Event: user_input - {'type': 'mouse_click'}
2025-05-11 02:08:37,506 - INFO - Event: user_input - {'type': 'mouse_click'}
2025-05-11 02:08:38,908 - INFO - Event: user_input - {'type': 'mouse_click'}
2025-05-11 02:08:40,925 - INFO - Event: user_input - {'type': 'mouse_click'}
2025-05-11 02:08:42,374 - INFO - Event: user_input - {'type': 'mouse_click'}
2025-05-11 02:08:50,222 - INFO - Event: user_input - {'type': 'mouse_click'}
2025-05-11 02:08:51,861 - INFO - Event: app_change - {'from': {'title': 'GDG-Hackaton_2025 — activity_tracker.py', 'app': 'Electron'}, 'to': {'title': 'GDG-Hackaton_2025 — session_20250511_020702.log', 'app': 'Electron'}, 'duration_previous': 31.15}
2025-05-11 02:08:55,925 - INFO - Event: user_input - {'type': 'mouse_click'}
2025-05-11 02:09:01,506 - INFO - Event: user_input - {'type': 'mouse_click'}
2025-05-11 02:09:02,297 - INFO - Starting focus analysis...
2025-05-11 02:09:02,297 - ERROR - Error in focus analysis: name 'timedelta' is not defined
2025-05-11 02:09:03,286 - INFO - Event: typed_for - {'duration_seconds': 31.63, 'total_typing_time': 31.63, 'window_context': {'title': 'GDG-Hackaton_2025 — session_20250511_020702.log', 'app': 'Electron'}, 'session_number': 1}
2025-05-11 02:09:03,286 - INFO - Event: session_end - {'duration': '0:02:00.993660', 'total_typing_time': 31.63, 'typing_sessions_count': 1, 'typing_percentage': 26.14}
2025-05-11 02:09:03,286 - INFO - Session tracking stopped: Generic Session - Total typing time: 31.63s across 1 sessions
