2025-05-11 01:59:27,767 - INFO - Event: session_start - {'goals': ['Write UI for an app', 'Code on Vs Code']}
2025-05-11 01:59:27,767 - INFO - Starting focus analysis...
2025-05-11 01:59:27,767 - ERROR - Error in focus analysis: name 'timedelta' is not defined
2025-05-11 01:59:27,773 - INFO - Session tracking started: Generic Session
2025-05-11 01:59:28,388 - INFO - Event: app_change - {'from': None, 'to': {'title': 'GDG-Hackaton_2025 — activity_tracker.py', 'app': 'Electron'}, 'duration_previous': 0}
2025-05-11 01:59:37,277 - INFO - Event: user_input - {'type': 'mouse_click'}
2025-05-11 01:59:38,233 - INFO - Event: app_change - {'from': {'title': 'GDG-Hackaton_2025 — activity_tracker.py', 'app': 'Electron'}, 'to': {'title': 'GDG-Hackaton_2025 — session_20250511_015927.log', 'app': 'Electron'}, 'duration_previous': 10.47}
2025-05-11 01:59:42,194 - INFO - Event: user_input - {'type': 'mouse_click'}
2025-05-11 01:59:43,061 - INFO - Event: app_change - {'from': {'title': 'GDG-Hackaton_2025 — session_20250511_015927.log', 'app': 'Electron'}, 'to': {'title': 'GDG-Hackaton_2025 — activity_tracker.py', 'app': 'Electron'}, 'duration_previous': 4.83}
2025-05-11 01:59:47,438 - INFO - Event: user_input - {'type': 'mouse_click'}
2025-05-11 01:59:48,329 - INFO - Event: user_input - {'type': 'mouse_click'}
2025-05-11 01:59:49,740 - INFO - Event: app_change - {'from': {'title': 'GDG-Hackaton_2025 — activity_tracker.py', 'app': 'Electron'}, 'to': {'title': '', 'app': 'Finder'}, 'duration_previous': 6.68}
2025-05-11 01:59:49,927 - INFO - Event: user_input - {'type': 'mouse_click'}
2025-05-11 01:59:50,577 - INFO - Event: user_input - {'type': 'mouse_click'}
2025-05-11 01:59:51,361 - INFO - Event: user_input - {'type': 'mouse_click'}
2025-05-11 01:59:51,605 - INFO - Event: app_change - {'from': {'title': '', 'app': 'Finder'}, 'to': {'title': 'GDG-Hackaton_2025 — activity_tracker.py', 'app': 'Electron'}, 'duration_previous': 1.86}
2025-05-11 01:59:58,646 - INFO - Event: user_input - {'type': 'mouse_click'}
2025-05-11 02:00:20,986 - INFO - Event: idle_start - {'after_seconds': 10.94}
2025-05-11 02:00:21,990 - INFO - Event: idle_end - {'duration_seconds': 1.01}
2025-05-11 02:00:23,749 - INFO - Event: user_input - {'type': 'mouse_click'}
2025-05-11 02:00:27,772 - INFO - Starting focus analysis...
2025-05-11 02:00:27,774 - ERROR - Error in focus analysis: name 'timedelta' is not defined
2025-05-11 02:00:37,042 - INFO - Event: idle_start - {'after_seconds': 10.7}
2025-05-11 02:00:59,135 - INFO - Event: idle_end - {'duration_seconds': 22.09}
2025-05-11 02:01:04,679 - INFO - Event: user_input - {'type': 'mouse_click'}
2025-05-11 02:01:06,559 - INFO - Event: user_input - {'type': 'mouse_click'}
2025-05-11 02:01:07,110 - INFO - Event: user_input - {'type': 'mouse_click'}
2025-05-11 02:01:07,659 - INFO - Event: user_input - {'type': 'mouse_click'}
2025-05-11 02:01:19,204 - INFO - Event: idle_start - {'after_seconds': 10.83}
2025-05-11 02:01:24,220 - INFO - Event: idle_end - {'duration_seconds': 5.02}
2025-05-11 02:01:27,779 - INFO - Starting focus analysis...
2025-05-11 02:01:27,779 - ERROR - Error in focus analysis: name 'timedelta' is not defined
2025-05-11 02:01:35,259 - INFO - Event: idle_start - {'after_seconds': 10.07}
2025-05-11 02:01:56,345 - INFO - Event: idle_end - {'duration_seconds': 21.09}
2025-05-11 02:02:27,780 - INFO - Starting focus analysis...
2025-05-11 02:02:27,781 - ERROR - Error in focus analysis: name 'timedelta' is not defined
2025-05-11 02:02:40,342 - INFO - Event: user_input - {'type': 'mouse_click'}
2025-05-11 02:02:41,746 - INFO - Event: app_change - {'from': {'title': 'GDG-Hackaton_2025 — activity_tracker.py', 'app': 'Electron'}, 'to': {'title': 'GDG-Hackaton_2025 — session_20250511_015927.log', 'app': 'Electron'}, 'duration_previous': 170.14}
2025-05-11 02:02:53,248 - INFO - Event: user_input - {'type': 'mouse_click'}
2025-05-11 02:02:54,597 - INFO - Event: app_change - {'from': {'title': 'GDG-Hackaton_2025 — session_20250511_015927.log', 'app': 'Electron'}, 'to': {'title': 'GDG-Hackaton_2025 — activity_tracker.py', 'app': 'Electron'}, 'duration_previous': 12.85}
2025-05-11 02:03:05,591 - INFO - Event: idle_start - {'after_seconds': 10.99}
2025-05-11 02:03:27,787 - INFO - Starting focus analysis...
2025-05-11 02:03:27,788 - ERROR - Error in focus analysis: name 'timedelta' is not defined
2025-05-11 02:03:55,778 - INFO - Event: idle_end - {'duration_seconds': 50.19}
2025-05-11 02:04:27,788 - INFO - Starting focus analysis...
2025-05-11 02:04:27,789 - ERROR - Error in focus analysis: name 'timedelta' is not defined
2025-05-11 02:04:31,236 - INFO - Event: periodic_summary - {'period': 'last_5_minutes', 'event_distribution': {'session_start': 1, 'app_change': 7, 'user_input': 15, 'idle_start': 5, 'idle_end': 5}, 'top_applications': {'Electron': 204.96, 'Finder': 1.86}, 'interaction_count': 4378, 'context_switches': 6, 'current_windows': [{'title': 'galaxy-trucker-rules-it.pdf – Page 13 of 24', 'app': 'Preview'}, {'title': 'GDG-Hackaton_2025 — activity_tracker.py', 'app': 'Electron'}, {'title': 'Spotify', 'app': 'Spotify'}], 'typing_stats': {'total_typing_time': 0, 'typing_sessions_count': 0, 'typing_time_in_period': 0, 'avg_session_duration': 0}}
2025-05-11 02:04:48,016 - INFO - Event: user_input - {'type': 'mouse_click'}
2025-05-11 02:04:48,743 - INFO - Event: app_change - {'from': {'title': 'GDG-Hackaton_2025 — activity_tracker.py', 'app': 'Electron'}, 'to': {'title': 'GDG-Hackaton_2025 — session_20250511_015927.log', 'app': 'Electron'}, 'duration_previous': 114.15}
2025-05-11 02:05:12,961 - INFO - Event: user_input - {'type': 'mouse_click'}
2025-05-11 02:05:14,278 - INFO - Event: app_change - {'from': {'title': 'GDG-Hackaton_2025 — session_20250511_015927.log', 'app': 'Electron'}, 'to': {'title': 'GDG-Hackaton_2025 — activity_tracker.py', 'app': 'Electron'}, 'duration_previous': 25.53}
2025-05-11 02:05:27,075 - INFO - Event: typed_for - {'duration_seconds': 7.67, 'total_typing_time': 7.67, 'window_context': {'title': 'GDG-Hackaton_2025 — activity_tracker.py', 'app': 'Electron'}, 'session_number': 1}
2025-05-11 02:05:27,795 - INFO - Starting focus analysis...
2025-05-11 02:05:27,795 - ERROR - Error in focus analysis: name 'timedelta' is not defined
2025-05-11 02:05:39,217 - INFO - Event: user_input - {'type': 'mouse_click'}
2025-05-11 02:05:39,791 - INFO - Event: user_input - {'type': 'mouse_click'}
2025-05-11 02:05:40,658 - INFO - Event: user_input - {'type': 'mouse_click'}
2025-05-11 02:05:44,309 - INFO - Event: user_input - {'type': 'mouse_click'}
2025-05-11 02:05:45,208 - INFO - Event: user_input - {'type': 'mouse_click'}
2025-05-11 02:05:46,441 - INFO - Event: user_input - {'type': 'mouse_click'}
2025-05-11 02:05:48,694 - INFO - Event: user_input - {'type': 'mouse_click'}
2025-05-11 02:05:49,758 - INFO - Event: user_input - {'type': 'mouse_click'}
2025-05-11 02:05:50,474 - INFO - Event: user_input - {'type': 'mouse_click'}
2025-05-11 02:05:51,075 - INFO - Event: user_input - {'type': 'mouse_click'}
2025-05-11 02:05:51,658 - INFO - Event: user_input - {'type': 'mouse_click'}
2025-05-11 02:05:52,307 - INFO - Event: user_input - {'type': 'mouse_click'}
2025-05-11 02:05:52,724 - INFO - Event: user_input - {'type': 'mouse_click'}
2025-05-11 02:05:53,140 - INFO - Event: user_input - {'type': 'mouse_click'}
2025-05-11 02:05:53,508 - INFO - Event: user_input - {'type': 'mouse_click'}
2025-05-11 02:05:53,858 - INFO - Event: user_input - {'type': 'mouse_click'}
2025-05-11 02:05:54,190 - INFO - Event: user_input - {'type': 'mouse_click'}
2025-05-11 02:05:57,557 - INFO - Event: user_input - {'type': 'mouse_click'}
2025-05-11 02:05:58,408 - INFO - Event: user_input - {'type': 'mouse_click'}
2025-05-11 02:05:59,525 - INFO - Event: user_input - {'type': 'mouse_click'}
2025-05-11 02:06:00,390 - INFO - Event: user_input - {'type': 'mouse_click'}
2025-05-11 02:06:01,778 - INFO - Event: user_input - {'type': 'mouse_click'}
2025-05-11 02:06:02,708 - INFO - Event: user_input - {'type': 'mouse_click'}
2025-05-11 02:06:04,375 - INFO - Event: user_input - {'type': 'mouse_click'}
2025-05-11 02:06:04,540 - INFO - Event: user_input - {'type': 'mouse_click'}
2025-05-11 02:06:04,740 - INFO - Event: user_input - {'type': 'mouse_click'}
2025-05-11 02:06:05,124 - INFO - Event: user_input - {'type': 'mouse_click'}
2025-05-11 02:06:06,524 - INFO - Event: user_input - {'type': 'mouse_click'}
2025-05-11 02:06:07,474 - INFO - Event: user_input - {'type': 'mouse_click'}
2025-05-11 02:06:11,494 - INFO - Event: typed_for - {'duration_seconds': 35.15, 'total_typing_time': 42.82, 'window_context': {'title': 'GDG-Hackaton_2025 — activity_tracker.py', 'app': 'Electron'}, 'session_number': 2}
2025-05-11 02:06:16,697 - INFO - Event: user_input - {'type': 'mouse_click'}
2025-05-11 02:06:17,458 - INFO - Event: user_input - {'type': 'mouse_click'}
2025-05-11 02:06:20,541 - INFO - Event: user_input - {'type': 'mouse_click'}
2025-05-11 02:06:21,307 - INFO - Event: user_input - {'type': 'mouse_click'}
2025-05-11 02:06:27,800 - INFO - Starting focus analysis...
2025-05-11 02:06:27,801 - ERROR - Error in focus analysis: name 'timedelta' is not defined
2025-05-11 02:06:29,026 - INFO - Event: user_input - {'type': 'mouse_click'}
2025-05-11 02:06:40,414 - INFO - Event: user_input - {'type': 'mouse_click'}
2025-05-11 02:06:44,333 - INFO - Event: typed_for - {'duration_seconds': 21.29, 'total_typing_time': 64.11, 'window_context': {'title': 'GDG-Hackaton_2025 — activity_tracker.py', 'app': 'Electron'}, 'session_number': 3}
2025-05-11 02:06:49,040 - INFO - Event: user_input - {'type': 'mouse_click'}
2025-05-11 02:06:50,744 - INFO - Event: typed_for - {'duration_seconds': 4.88, 'total_typing_time': 68.99, 'window_context': {'title': 'GDG-Hackaton_2025 — activity_tracker.py', 'app': 'Electron'}, 'session_number': 4}
2025-05-11 02:06:50,744 - INFO - Event: session_end - {'duration': '0:07:22.977733', 'total_typing_time': 68.99, 'typing_sessions_count': 4, 'typing_percentage': 15.57}
2025-05-11 02:06:50,744 - INFO - Session tracking stopped: Generic Session - Total typing time: 68.99s across 4 sessions
